[debug] [2024-08-25T14:01:50.538Z] ----------------------------------------------------------------------
[debug] [2024-08-25T14:01:50.540Z] Command:       /usr/local/bin/node /usr/local/bin/firebase deploy --only functions
[debug] [2024-08-25T14:01:50.540Z] CLI Version:   13.15.4
[debug] [2024-08-25T14:01:50.541Z] Platform:      darwin
[debug] [2024-08-25T14:01:50.541Z] Node Version:  v21.4.0
[debug] [2024-08-25T14:01:50.541Z] Time:          Sun Aug 25 2024 16:01:50 GMT+0200 (Central European Summer Time)
[debug] [2024-08-25T14:01:50.541Z] ----------------------------------------------------------------------
[debug] 
[debug] [2024-08-25T14:01:50.585Z] > command requires scopes: ["email","openid","https://www.googleapis.com/auth/cloudplatformprojects.readonly","https://www.googleapis.com/auth/firebase","https://www.googleapis.com/auth/cloud-platform"]
[debug] [2024-08-25T14:01:50.585Z] > authorizing via signed-in user (simecgasper@gmail.com)
[debug] [2024-08-25T14:01:50.586Z] [iam] checking project g-s-digital-anchor for permissions ["cloudfunctions.functions.create","cloudfunctions.functions.delete","cloudfunctions.functions.get","cloudfunctions.functions.list","cloudfunctions.functions.update","cloudfunctions.operations.get","firebase.projects.get"]
[debug] [2024-08-25T14:01:50.587Z] >>> [apiv2][query] POST https://cloudresourcemanager.googleapis.com/v1/projects/g-s-digital-anchor:testIamPermissions [none]
[debug] [2024-08-25T14:01:50.587Z] >>> [apiv2][(partial)header] POST https://cloudresourcemanager.googleapis.com/v1/projects/g-s-digital-anchor:testIamPermissions x-goog-quota-user=projects/g-s-digital-anchor
[debug] [2024-08-25T14:01:50.587Z] >>> [apiv2][body] POST https://cloudresourcemanager.googleapis.com/v1/projects/g-s-digital-anchor:testIamPermissions {"permissions":["cloudfunctions.functions.create","cloudfunctions.functions.delete","cloudfunctions.functions.get","cloudfunctions.functions.list","cloudfunctions.functions.update","cloudfunctions.operations.get","firebase.projects.get"]}
[debug] [2024-08-25T14:01:51.403Z] <<< [apiv2][status] POST https://cloudresourcemanager.googleapis.com/v1/projects/g-s-digital-anchor:testIamPermissions 200
[debug] [2024-08-25T14:01:51.404Z] <<< [apiv2][body] POST https://cloudresourcemanager.googleapis.com/v1/projects/g-s-digital-anchor:testIamPermissions {"permissions":["cloudfunctions.functions.create","cloudfunctions.functions.delete","cloudfunctions.functions.get","cloudfunctions.functions.list","cloudfunctions.functions.update","cloudfunctions.operations.get","firebase.projects.get"]}
[debug] [2024-08-25T14:01:51.404Z] >>> [apiv2][query] POST https://iam.googleapis.com/v1/projects/g-s-digital-anchor/serviceAccounts/g-s-digital-anchor@appspot.gserviceaccount.com:testIamPermissions [none]
[debug] [2024-08-25T14:01:51.404Z] >>> [apiv2][body] POST https://iam.googleapis.com/v1/projects/g-s-digital-anchor/serviceAccounts/g-s-digital-anchor@appspot.gserviceaccount.com:testIamPermissions {"permissions":["iam.serviceAccounts.actAs"]}
[debug] [2024-08-25T14:01:52.202Z] <<< [apiv2][status] POST https://iam.googleapis.com/v1/projects/g-s-digital-anchor/serviceAccounts/g-s-digital-anchor@appspot.gserviceaccount.com:testIamPermissions 200
[debug] [2024-08-25T14:01:52.203Z] <<< [apiv2][body] POST https://iam.googleapis.com/v1/projects/g-s-digital-anchor/serviceAccounts/g-s-digital-anchor@appspot.gserviceaccount.com:testIamPermissions {"permissions":["iam.serviceAccounts.actAs"]}
[info] 
[info] === Deploying to 'g-s-digital-anchor'...
[info] 
[info] i  deploying functions 
[info] Running command: npm --prefix "$RESOURCE_DIR" run lint
[info] Running command: npm --prefix "$RESOURCE_DIR" run build
[info] ✔  functions: Finished running predeploy script. 
[debug] [2024-08-25T14:01:58.357Z] >>> [apiv2][query] GET https://firebase.googleapis.com/v1beta1/projects/g-s-digital-anchor [none]
[debug] [2024-08-25T14:01:58.663Z] <<< [apiv2][status] GET https://firebase.googleapis.com/v1beta1/projects/g-s-digital-anchor 200
[debug] [2024-08-25T14:01:58.663Z] <<< [apiv2][body] GET https://firebase.googleapis.com/v1beta1/projects/g-s-digital-anchor {"projectId":"g-s-digital-anchor","projectNumber":"1062655604588","displayName":"G S Digital Anchor","name":"projects/g-s-digital-anchor","resources":{"hostingSite":"g-s-digital-anchor","realtimeDatabaseInstance":"g-s-digital-anchor-default-rtdb"},"state":"ACTIVE","etag":"1_f28308f1-e797-4a88-8794-0d2749a78523"}
[info] i  functions: preparing codebase default for deployment 
[info] i  functions: ensuring required API cloudfunctions.googleapis.com is enabled... 
[info] i  functions: ensuring required API cloudbuild.googleapis.com is enabled... 
[info] i  artifactregistry: ensuring required API artifactregistry.googleapis.com is enabled... 
[debug] [2024-08-25T14:01:58.665Z] >>> [apiv2][query] GET https://serviceusage.googleapis.com/v1/projects/g-s-digital-anchor/services/cloudfunctions.googleapis.com [none]
[debug] [2024-08-25T14:01:58.665Z] >>> [apiv2][(partial)header] GET https://serviceusage.googleapis.com/v1/projects/g-s-digital-anchor/services/cloudfunctions.googleapis.com x-goog-quota-user=projects/g-s-digital-anchor
[debug] [2024-08-25T14:01:58.667Z] >>> [apiv2][query] GET https://serviceusage.googleapis.com/v1/projects/g-s-digital-anchor/services/runtimeconfig.googleapis.com [none]
[debug] [2024-08-25T14:01:58.667Z] >>> [apiv2][(partial)header] GET https://serviceusage.googleapis.com/v1/projects/g-s-digital-anchor/services/runtimeconfig.googleapis.com x-goog-quota-user=projects/g-s-digital-anchor
[debug] [2024-08-25T14:01:58.668Z] >>> [apiv2][query] GET https://serviceusage.googleapis.com/v1/projects/g-s-digital-anchor/services/cloudbuild.googleapis.com [none]
[debug] [2024-08-25T14:01:58.668Z] >>> [apiv2][(partial)header] GET https://serviceusage.googleapis.com/v1/projects/g-s-digital-anchor/services/cloudbuild.googleapis.com x-goog-quota-user=projects/g-s-digital-anchor
[debug] [2024-08-25T14:01:58.669Z] >>> [apiv2][query] GET https://serviceusage.googleapis.com/v1/projects/g-s-digital-anchor/services/artifactregistry.googleapis.com [none]
[debug] [2024-08-25T14:01:58.669Z] >>> [apiv2][(partial)header] GET https://serviceusage.googleapis.com/v1/projects/g-s-digital-anchor/services/artifactregistry.googleapis.com x-goog-quota-user=projects/g-s-digital-anchor
[debug] [2024-08-25T14:01:59.662Z] <<< [apiv2][status] GET https://serviceusage.googleapis.com/v1/projects/g-s-digital-anchor/services/artifactregistry.googleapis.com 200
[debug] [2024-08-25T14:01:59.662Z] <<< [apiv2][body] GET https://serviceusage.googleapis.com/v1/projects/g-s-digital-anchor/services/artifactregistry.googleapis.com [omitted]
[info] ✔  artifactregistry: required API artifactregistry.googleapis.com is enabled 
[debug] [2024-08-25T14:01:59.662Z] <<< [apiv2][status] GET https://serviceusage.googleapis.com/v1/projects/g-s-digital-anchor/services/cloudbuild.googleapis.com 200
[debug] [2024-08-25T14:01:59.662Z] <<< [apiv2][body] GET https://serviceusage.googleapis.com/v1/projects/g-s-digital-anchor/services/cloudbuild.googleapis.com [omitted]
[info] ✔  functions: required API cloudbuild.googleapis.com is enabled 
[debug] [2024-08-25T14:01:59.663Z] <<< [apiv2][status] GET https://serviceusage.googleapis.com/v1/projects/g-s-digital-anchor/services/runtimeconfig.googleapis.com 200
[debug] [2024-08-25T14:01:59.663Z] <<< [apiv2][body] GET https://serviceusage.googleapis.com/v1/projects/g-s-digital-anchor/services/runtimeconfig.googleapis.com [omitted]
[debug] [2024-08-25T14:01:59.671Z] <<< [apiv2][status] GET https://serviceusage.googleapis.com/v1/projects/g-s-digital-anchor/services/cloudfunctions.googleapis.com 200
[debug] [2024-08-25T14:01:59.672Z] <<< [apiv2][body] GET https://serviceusage.googleapis.com/v1/projects/g-s-digital-anchor/services/cloudfunctions.googleapis.com [omitted]
[info] ✔  functions: required API cloudfunctions.googleapis.com is enabled 
[debug] [2024-08-25T14:01:59.672Z] >>> [apiv2][query] GET https://firebase.googleapis.com/v1beta1/projects/g-s-digital-anchor/adminSdkConfig [none]
[debug] [2024-08-25T14:01:59.942Z] <<< [apiv2][status] GET https://firebase.googleapis.com/v1beta1/projects/g-s-digital-anchor/adminSdkConfig 200
[debug] [2024-08-25T14:01:59.943Z] <<< [apiv2][body] GET https://firebase.googleapis.com/v1beta1/projects/g-s-digital-anchor/adminSdkConfig {"projectId":"g-s-digital-anchor","databaseURL":"https://g-s-digital-anchor-default-rtdb.firebaseio.com","storageBucket":"g-s-digital-anchor.appspot.com"}
[debug] [2024-08-25T14:01:59.943Z] >>> [apiv2][query] GET https://runtimeconfig.googleapis.com/v1beta1/projects/g-s-digital-anchor/configs [none]
[debug] [2024-08-25T14:02:00.202Z] <<< [apiv2][status] GET https://runtimeconfig.googleapis.com/v1beta1/projects/g-s-digital-anchor/configs 200
[debug] [2024-08-25T14:02:00.202Z] <<< [apiv2][body] GET https://runtimeconfig.googleapis.com/v1beta1/projects/g-s-digital-anchor/configs {}
[debug] [2024-08-25T14:02:00.203Z] Validating nodejs source
[debug] [2024-08-25T14:02:00.711Z] > [functions] package.json contents: {
  "name": "functions",
  "scripts": {
    "lint": "eslint --ext .js,.ts .",
    "build": "tsc",
    "build:watch": "tsc --watch",
    "serve": "npm run build && firebase emulators:start --only functions",
    "shell": "npm run build && firebase functions:shell",
    "start": "npm run shell",
    "deploy": "firebase deploy --only functions",
    "logs": "firebase functions:log"
  },
  "engines": {
    "node": "18"
  },
  "main": "lib/index.js",
  "dependencies": {
    "firebase-admin": "^12.1.0",
    "firebase-functions": "^5.0.0"
  },
  "devDependencies": {
    "@typescript-eslint/eslint-plugin": "^5.12.0",
    "@typescript-eslint/parser": "^5.12.0",
    "eslint": "^8.9.0",
    "eslint-config-google": "^0.14.0",
    "eslint-plugin-import": "^2.25.4",
    "firebase-functions-test": "^3.1.0",
    "typescript": "^4.9.0"
  },
  "private": true
}
[debug] [2024-08-25T14:02:00.712Z] Building nodejs source
[info] i  functions: Loading and analyzing source code for codebase default to determine what to deploy 
[debug] [2024-08-25T14:02:00.714Z] Could not find functions.yaml. Must use http discovery
[debug] [2024-08-25T14:02:00.720Z] Found firebase-functions binary at '/Users/gaspersimec/Documents/gs-digitalanchor/functions/node_modules/.bin/firebase-functions'
[info] Serving at port 8480

[debug] [2024-08-25T14:02:01.055Z] Got response from /__/functions.yaml {"endpoints":{"sendInquiryEmail":{"platform":"gcfv1","availableMemoryMb":null,"timeoutSeconds":null,"minInstances":null,"maxInstances":null,"ingressSettings":null,"serviceAccountEmail":null,"vpc":null,"eventTrigger":{"eventType":"providers/google.firebase.database/eventTypes/ref.create","eventFilters":{"resource":"projects/_/instances/g-s-digital-anchor-default-rtdb/refs/inquiry/{inquiryId}"},"retry":false},"labels":{},"entryPoint":"sendInquiryEmail"}},"specVersion":"v1alpha1","requiredAPIs":[],"extensions":{}}
[debug] [2024-08-25T14:02:06.077Z] >>> [apiv2][query] GET https://serviceusage.googleapis.com/v1/projects/g-s-digital-anchor/services/firebaseextensions.googleapis.com [none]
[debug] [2024-08-25T14:02:06.078Z] >>> [apiv2][(partial)header] GET https://serviceusage.googleapis.com/v1/projects/g-s-digital-anchor/services/firebaseextensions.googleapis.com x-goog-quota-user=projects/g-s-digital-anchor
[debug] [2024-08-25T14:02:07.041Z] <<< [apiv2][status] GET https://serviceusage.googleapis.com/v1/projects/g-s-digital-anchor/services/firebaseextensions.googleapis.com 200
[debug] [2024-08-25T14:02:07.042Z] <<< [apiv2][body] GET https://serviceusage.googleapis.com/v1/projects/g-s-digital-anchor/services/firebaseextensions.googleapis.com [omitted]
[info] i  functions: preparing functions directory for uploading... 
[info] i  functions: packaged /Users/gaspersimec/Documents/gs-digitalanchor/functions (84.59 KB) for uploading 
[debug] [2024-08-25T14:02:07.071Z] >>> [apiv2][query] GET https://cloudfunctions.googleapis.com/v1/projects/g-s-digital-anchor/locations/-/functions [none]
[debug] [2024-08-25T14:02:07.742Z] <<< [apiv2][status] GET https://cloudfunctions.googleapis.com/v1/projects/g-s-digital-anchor/locations/-/functions 200
[debug] [2024-08-25T14:02:07.743Z] <<< [apiv2][body] GET https://cloudfunctions.googleapis.com/v1/projects/g-s-digital-anchor/locations/-/functions {}
[debug] [2024-08-25T14:02:07.744Z] >>> [apiv2][query] GET https://cloudfunctions.googleapis.com/v2/projects/g-s-digital-anchor/locations/-/functions filter=environment%3D%22GEN_2%22
[debug] [2024-08-25T14:02:08.742Z] <<< [apiv2][status] GET https://cloudfunctions.googleapis.com/v2/projects/g-s-digital-anchor/locations/-/functions 200
[debug] [2024-08-25T14:02:08.743Z] <<< [apiv2][body] GET https://cloudfunctions.googleapis.com/v2/projects/g-s-digital-anchor/locations/-/functions {}
[debug] [2024-08-25T14:02:08.748Z] >>> [apiv2][query] GET https://firebase.googleapis.com/v1beta1/projects/g-s-digital-anchor [none]
[debug] [2024-08-25T14:02:09.022Z] <<< [apiv2][status] GET https://firebase.googleapis.com/v1beta1/projects/g-s-digital-anchor 200
[debug] [2024-08-25T14:02:09.022Z] <<< [apiv2][body] GET https://firebase.googleapis.com/v1beta1/projects/g-s-digital-anchor {"projectId":"g-s-digital-anchor","projectNumber":"1062655604588","displayName":"G S Digital Anchor","name":"projects/g-s-digital-anchor","resources":{"hostingSite":"g-s-digital-anchor","realtimeDatabaseInstance":"g-s-digital-anchor-default-rtdb"},"state":"ACTIVE","etag":"1_f28308f1-e797-4a88-8794-0d2749a78523"}
[debug] [2024-08-25T14:02:09.023Z] >>> [apiv2][query] GET https://cloudbilling.googleapis.com/v1/projects/g-s-digital-anchor/billingInfo [none]
[debug] [2024-08-25T14:02:09.812Z] <<< [apiv2][status] GET https://cloudbilling.googleapis.com/v1/projects/g-s-digital-anchor/billingInfo 200
[debug] [2024-08-25T14:02:09.813Z] <<< [apiv2][body] GET https://cloudbilling.googleapis.com/v1/projects/g-s-digital-anchor/billingInfo {"name":"projects/g-s-digital-anchor/billingInfo","projectId":"g-s-digital-anchor","billingAccountName":"billingAccounts/017149-36A4E3-C83EE7","billingEnabled":true}
[debug] [2024-08-25T14:02:09.815Z] >>> [apiv2][query] POST https://cloudfunctions.googleapis.com/v1/projects/g-s-digital-anchor/locations/us-central1/functions:generateUploadUrl [none]
[debug] [2024-08-25T14:02:09.816Z] >>> [apiv2][body] POST https://cloudfunctions.googleapis.com/v1/projects/g-s-digital-anchor/locations/us-central1/functions:generateUploadUrl {}
[debug] [2024-08-25T14:02:19.332Z] <<< [apiv2][status] POST https://cloudfunctions.googleapis.com/v1/projects/g-s-digital-anchor/locations/us-central1/functions:generateUploadUrl 200
[debug] [2024-08-25T14:02:19.333Z] <<< [apiv2][body] POST https://cloudfunctions.googleapis.com/v1/projects/g-s-digital-anchor/locations/us-central1/functions:generateUploadUrl {"uploadUrl":"https://storage.googleapis.com/uploads-829134498577.us-central1.cloudfunctions.appspot.com/4cd1b0eb-91a5-40ba-b1a6-e652aa689840.zip?GoogleAccessId=service-1062655604588@gcf-admin-robot.iam.gserviceaccount.com&Expires=1724596339&Signature=kLB6a808NP6g6tabLPsP9px%2BEszlg5tpkLcQjUzvrrJGJpEMvw0FlFGo%2BIDowJIFLfvqBgzQ9FJX4JxVIhVSihzxf2CfchD3PECt24qUD3fAsysLHTGPJigWiT4A8G31ce2%2BK7ayTQvu6eDJTbi74Y2WXKCqNYoV6%2BpMwO7s0r5HwTsR84%2FmoteWS%2FSZzBqdJP4slbUqXtIMKGb8mYum5BQoJ22V4upVn7WcBah3vZgNjZvhsF70QYCogu1l3zoPssa5izMHGUgxz3XD%2FmpsC5sca%2FVCv%2F4MLDKK7Xa4PxRuhhEa6gBDW2Qp33X0%2BKOi3E7VvkZu3allh9fnnia01w%3D%3D"}
[debug] [2024-08-25T14:02:19.336Z] >>> [apiv2][query] PUT https://storage.googleapis.com/uploads-829134498577.us-central1.cloudfunctions.appspot.com/4cd1b0eb-91a5-40ba-b1a6-e652aa689840.zip GoogleAccessId=service-1062655604588%40gcf-admin-robot.iam.gserviceaccount.com&Expires=1724596339&Signature=kLB6a808NP6g6tabLPsP9px%2BEszlg5tpkLcQjUzvrrJGJpEMvw0FlFGo%2BIDowJIFLfvqBgzQ9FJX4JxVIhVSihzxf2CfchD3PECt24qUD3fAsysLHTGPJigWiT4A8G31ce2%2BK7ayTQvu6eDJTbi74Y2WXKCqNYoV6%2BpMwO7s0r5HwTsR84%2FmoteWS%2FSZzBqdJP4slbUqXtIMKGb8mYum5BQoJ22V4upVn7WcBah3vZgNjZvhsF70QYCogu1l3zoPssa5izMHGUgxz3XD%2FmpsC5sca%2FVCv%2F4MLDKK7Xa4PxRuhhEa6gBDW2Qp33X0%2BKOi3E7VvkZu3allh9fnnia01w%3D%3D
[debug] [2024-08-25T14:02:19.336Z] >>> [apiv2][body] PUT https://storage.googleapis.com/uploads-829134498577.us-central1.cloudfunctions.appspot.com/4cd1b0eb-91a5-40ba-b1a6-e652aa689840.zip [stream]
[debug] [2024-08-25T14:02:20.734Z] <<< [apiv2][status] PUT https://storage.googleapis.com/uploads-829134498577.us-central1.cloudfunctions.appspot.com/4cd1b0eb-91a5-40ba-b1a6-e652aa689840.zip 200
[debug] [2024-08-25T14:02:20.734Z] <<< [apiv2][body] PUT https://storage.googleapis.com/uploads-829134498577.us-central1.cloudfunctions.appspot.com/4cd1b0eb-91a5-40ba-b1a6-e652aa689840.zip [omitted]
[info] ✔  functions: functions folder uploaded successfully 
[info] i  functions: creating Node.js 18 (1st Gen) function sendInquiryEmail(us-central1)... 
[debug] [2024-08-25T14:02:20.740Z] >>> [apiv2][query] POST https://cloudfunctions.googleapis.com/v1/projects/g-s-digital-anchor/locations/us-central1/functions [none]
[debug] [2024-08-25T14:02:20.740Z] >>> [apiv2][body] POST https://cloudfunctions.googleapis.com/v1/projects/g-s-digital-anchor/locations/us-central1/functions {"name":"projects/g-s-digital-anchor/locations/us-central1/functions/sendInquiryEmail","sourceUploadUrl":"https://storage.googleapis.com/uploads-829134498577.us-central1.cloudfunctions.appspot.com/4cd1b0eb-91a5-40ba-b1a6-e652aa689840.zip?GoogleAccessId=service-1062655604588@gcf-admin-robot.iam.gserviceaccount.com&Expires=1724596339&Signature=kLB6a808NP6g6tabLPsP9px%2BEszlg5tpkLcQjUzvrrJGJpEMvw0FlFGo%2BIDowJIFLfvqBgzQ9FJX4JxVIhVSihzxf2CfchD3PECt24qUD3fAsysLHTGPJigWiT4A8G31ce2%2BK7ayTQvu6eDJTbi74Y2WXKCqNYoV6%2BpMwO7s0r5HwTsR84%2FmoteWS%2FSZzBqdJP4slbUqXtIMKGb8mYum5BQoJ22V4upVn7WcBah3vZgNjZvhsF70QYCogu1l3zoPssa5izMHGUgxz3XD%2FmpsC5sca%2FVCv%2F4MLDKK7Xa4PxRuhhEa6gBDW2Qp33X0%2BKOi3E7VvkZu3allh9fnnia01w%3D%3D","entryPoint":"sendInquiryEmail","runtime":"nodejs18","dockerRegistry":"ARTIFACT_REGISTRY","labels":{"deployment-tool":"cli-firebase","firebase-functions-hash":"ce3a2a534aff530a46ecf0d985b237e346c4ee67"},"eventTrigger":{"eventType":"providers/google.firebase.database/eventTypes/ref.create","resource":"projects/_/instances/g-s-digital-anchor-default-rtdb/refs/inquiry/{inquiryId}"},"minInstances":null,"maxInstances":null,"ingressSettings":null,"environmentVariables":{"FIREBASE_CONFIG":"{\"projectId\":\"g-s-digital-anchor\",\"databaseURL\":\"https://g-s-digital-anchor-default-rtdb.firebaseio.com\",\"storageBucket\":\"g-s-digital-anchor.appspot.com\"}","GCLOUD_PROJECT":"g-s-digital-anchor","EVENTARC_CLOUD_EVENT_SOURCE":"projects/g-s-digital-anchor/locations/us-central1/functions/sendInquiryEmail"},"serviceAccountEmail":null,"availableMemoryMb":null,"timeout":null,"vpcConnector":null,"vpcConnectorEgressSettings":null,"buildEnvironmentVariables":{"GOOGLE_NODE_RUN_SCRIPTS":""}}
[debug] [2024-08-25T14:02:22.594Z] <<< [apiv2][status] POST https://cloudfunctions.googleapis.com/v1/projects/g-s-digital-anchor/locations/us-central1/functions 200
[debug] [2024-08-25T14:02:22.595Z] <<< [apiv2][body] POST https://cloudfunctions.googleapis.com/v1/projects/g-s-digital-anchor/locations/us-central1/functions {"name":"operations/Zy1zLWRpZ2l0YWwtYW5jaG9yL3VzLWNlbnRyYWwxL3NlbmRJbnF1aXJ5RW1haWwvSGFLWUxSR2ttMVU","metadata":{"@type":"type.googleapis.com/google.cloud.functions.v1.OperationMetadataV1","target":"projects/g-s-digital-anchor/locations/us-central1/functions/sendInquiryEmail","type":"CREATE_FUNCTION","request":{"@type":"type.googleapis.com/google.cloud.functions.v1.CloudFunction","name":"projects/g-s-digital-anchor/locations/us-central1/functions/sendInquiryEmail","eventTrigger":{"eventType":"providers/google.firebase.database/eventTypes/ref.create","resource":"projects/_/instances/g-s-digital-anchor-default-rtdb/refs/inquiry/{inquiryId}"},"entryPoint":"sendInquiryEmail","labels":{"deployment-tool":"cli-firebase","firebase-functions-hash":"ce3a2a534aff530a46ecf0d985b237e346c4ee67"},"sourceUploadUrl":"https://storage.googleapis.com/uploads-829134498577.us-central1.cloudfunctions.appspot.com/4cd1b0eb-91a5-40ba-b1a6-e652aa689840.zip?GoogleAccessId=service-1062655604588@gcf-admin-robot.iam.gserviceaccount.com&Expires=1724596339&Signature=kLB6a808NP6g6tabLPsP9px%2BEszlg5tpkLcQjUzvrrJGJpEMvw0FlFGo%2BIDowJIFLfvqBgzQ9FJX4JxVIhVSihzxf2CfchD3PECt24qUD3fAsysLHTGPJigWiT4A8G31ce2%2BK7ayTQvu6eDJTbi74Y2WXKCqNYoV6%2BpMwO7s0r5HwTsR84%2FmoteWS%2FSZzBqdJP4slbUqXtIMKGb8mYum5BQoJ22V4upVn7WcBah3vZgNjZvhsF70QYCogu1l3zoPssa5izMHGUgxz3XD%2FmpsC5sca%2FVCv%2F4MLDKK7Xa4PxRuhhEa6gBDW2Qp33X0%2BKOi3E7VvkZu3allh9fnnia01w%3D%3D","environmentVariables":{"FIREBASE_CONFIG":"{\"projectId\":\"g-s-digital-anchor\",\"databaseURL\":\"https://g-s-digital-anchor-default-rtdb.firebaseio.com\",\"storageBucket\":\"g-s-digital-anchor.appspot.com\"}","GCLOUD_PROJECT":"g-s-digital-anchor","EVENTARC_CLOUD_EVENT_SOURCE":"projects/g-s-digital-anchor/locations/us-central1/functions/sendInquiryEmail"},"runtime":"nodejs18","buildEnvironmentVariables":{"GOOGLE_NODE_RUN_SCRIPTS":""},"dockerRegistry":"ARTIFACT_REGISTRY"},"versionId":"1","updateTime":"2024-08-25T14:02:22Z"}}
[debug] [2024-08-25T14:02:22.597Z] >>> [apiv2][query] GET https://cloudfunctions.googleapis.com/v1/operations/Zy1zLWRpZ2l0YWwtYW5jaG9yL3VzLWNlbnRyYWwxL3NlbmRJbnF1aXJ5RW1haWwvSGFLWUxSR2ttMVU [none]
[debug] [2024-08-25T14:02:22.872Z] <<< [apiv2][status] GET https://cloudfunctions.googleapis.com/v1/operations/Zy1zLWRpZ2l0YWwtYW5jaG9yL3VzLWNlbnRyYWwxL3NlbmRJbnF1aXJ5RW1haWwvSGFLWUxSR2ttMVU 200
[debug] [2024-08-25T14:02:22.873Z] <<< [apiv2][body] GET https://cloudfunctions.googleapis.com/v1/operations/Zy1zLWRpZ2l0YWwtYW5jaG9yL3VzLWNlbnRyYWwxL3NlbmRJbnF1aXJ5RW1haWwvSGFLWUxSR2ttMVU {"name":"operations/Zy1zLWRpZ2l0YWwtYW5jaG9yL3VzLWNlbnRyYWwxL3NlbmRJbnF1aXJ5RW1haWwvSGFLWUxSR2ttMVU","metadata":{"@type":"type.googleapis.com/google.cloud.functions.v1.OperationMetadataV1","target":"projects/g-s-digital-anchor/locations/us-central1/functions/sendInquiryEmail","type":"CREATE_FUNCTION","request":{"@type":"type.googleapis.com/google.cloud.functions.v1.CloudFunction","name":"projects/g-s-digital-anchor/locations/us-central1/functions/sendInquiryEmail","eventTrigger":{"eventType":"providers/google.firebase.database/eventTypes/ref.create","resource":"projects/_/instances/g-s-digital-anchor-default-rtdb/refs/inquiry/{inquiryId}"},"entryPoint":"sendInquiryEmail","labels":{"deployment-tool":"cli-firebase","firebase-functions-hash":"ce3a2a534aff530a46ecf0d985b237e346c4ee67"},"sourceUploadUrl":"https://storage.googleapis.com/uploads-829134498577.us-central1.cloudfunctions.appspot.com/4cd1b0eb-91a5-40ba-b1a6-e652aa689840.zip?GoogleAccessId=service-1062655604588@gcf-admin-robot.iam.gserviceaccount.com&Expires=1724596339&Signature=kLB6a808NP6g6tabLPsP9px%2BEszlg5tpkLcQjUzvrrJGJpEMvw0FlFGo%2BIDowJIFLfvqBgzQ9FJX4JxVIhVSihzxf2CfchD3PECt24qUD3fAsysLHTGPJigWiT4A8G31ce2%2BK7ayTQvu6eDJTbi74Y2WXKCqNYoV6%2BpMwO7s0r5HwTsR84%2FmoteWS%2FSZzBqdJP4slbUqXtIMKGb8mYum5BQoJ22V4upVn7WcBah3vZgNjZvhsF70QYCogu1l3zoPssa5izMHGUgxz3XD%2FmpsC5sca%2FVCv%2F4MLDKK7Xa4PxRuhhEa6gBDW2Qp33X0%2BKOi3E7VvkZu3allh9fnnia01w%3D%3D","environmentVariables":{"FIREBASE_CONFIG":"{\"projectId\":\"g-s-digital-anchor\",\"databaseURL\":\"https://g-s-digital-anchor-default-rtdb.firebaseio.com\",\"storageBucket\":\"g-s-digital-anchor.appspot.com\"}","GCLOUD_PROJECT":"g-s-digital-anchor","EVENTARC_CLOUD_EVENT_SOURCE":"projects/g-s-digital-anchor/locations/us-central1/functions/sendInquiryEmail"},"runtime":"nodejs18","buildEnvironmentVariables":{"GOOGLE_NODE_RUN_SCRIPTS":""},"dockerRegistry":"ARTIFACT_REGISTRY"},"versionId":"1","updateTime":"2024-08-25T14:02:22Z"}}
[debug] [2024-08-25T14:02:23.375Z] [create-default-us-central1-sendInquiryEmail] Retrying task index 0
[debug] [2024-08-25T14:02:23.376Z] >>> [apiv2][query] GET https://cloudfunctions.googleapis.com/v1/operations/Zy1zLWRpZ2l0YWwtYW5jaG9yL3VzLWNlbnRyYWwxL3NlbmRJbnF1aXJ5RW1haWwvSGFLWUxSR2ttMVU [none]
[debug] [2024-08-25T14:02:23.595Z] <<< [apiv2][status] GET https://cloudfunctions.googleapis.com/v1/operations/Zy1zLWRpZ2l0YWwtYW5jaG9yL3VzLWNlbnRyYWwxL3NlbmRJbnF1aXJ5RW1haWwvSGFLWUxSR2ttMVU 200
[debug] [2024-08-25T14:02:23.595Z] <<< [apiv2][body] GET https://cloudfunctions.googleapis.com/v1/operations/Zy1zLWRpZ2l0YWwtYW5jaG9yL3VzLWNlbnRyYWwxL3NlbmRJbnF1aXJ5RW1haWwvSGFLWUxSR2ttMVU {"name":"operations/Zy1zLWRpZ2l0YWwtYW5jaG9yL3VzLWNlbnRyYWwxL3NlbmRJbnF1aXJ5RW1haWwvSGFLWUxSR2ttMVU","metadata":{"@type":"type.googleapis.com/google.cloud.functions.v1.OperationMetadataV1","target":"projects/g-s-digital-anchor/locations/us-central1/functions/sendInquiryEmail","type":"CREATE_FUNCTION","request":{"@type":"type.googleapis.com/google.cloud.functions.v1.CloudFunction","name":"projects/g-s-digital-anchor/locations/us-central1/functions/sendInquiryEmail","eventTrigger":{"eventType":"providers/google.firebase.database/eventTypes/ref.create","resource":"projects/_/instances/g-s-digital-anchor-default-rtdb/refs/inquiry/{inquiryId}"},"entryPoint":"sendInquiryEmail","labels":{"deployment-tool":"cli-firebase","firebase-functions-hash":"ce3a2a534aff530a46ecf0d985b237e346c4ee67"},"sourceUploadUrl":"https://storage.googleapis.com/uploads-829134498577.us-central1.cloudfunctions.appspot.com/4cd1b0eb-91a5-40ba-b1a6-e652aa689840.zip?GoogleAccessId=service-1062655604588@gcf-admin-robot.iam.gserviceaccount.com&Expires=1724596339&Signature=kLB6a808NP6g6tabLPsP9px%2BEszlg5tpkLcQjUzvrrJGJpEMvw0FlFGo%2BIDowJIFLfvqBgzQ9FJX4JxVIhVSihzxf2CfchD3PECt24qUD3fAsysLHTGPJigWiT4A8G31ce2%2BK7ayTQvu6eDJTbi74Y2WXKCqNYoV6%2BpMwO7s0r5HwTsR84%2FmoteWS%2FSZzBqdJP4slbUqXtIMKGb8mYum5BQoJ22V4upVn7WcBah3vZgNjZvhsF70QYCogu1l3zoPssa5izMHGUgxz3XD%2FmpsC5sca%2FVCv%2F4MLDKK7Xa4PxRuhhEa6gBDW2Qp33X0%2BKOi3E7VvkZu3allh9fnnia01w%3D%3D","environmentVariables":{"FIREBASE_CONFIG":"{\"projectId\":\"g-s-digital-anchor\",\"databaseURL\":\"https://g-s-digital-anchor-default-rtdb.firebaseio.com\",\"storageBucket\":\"g-s-digital-anchor.appspot.com\"}","GCLOUD_PROJECT":"g-s-digital-anchor","EVENTARC_CLOUD_EVENT_SOURCE":"projects/g-s-digital-anchor/locations/us-central1/functions/sendInquiryEmail"},"runtime":"nodejs18","buildEnvironmentVariables":{"GOOGLE_NODE_RUN_SCRIPTS":""},"dockerRegistry":"ARTIFACT_REGISTRY"},"versionId":"1","updateTime":"2024-08-25T14:02:22Z"}}
[debug] [2024-08-25T14:02:24.597Z] [create-default-us-central1-sendInquiryEmail] Retrying task index 0
[debug] [2024-08-25T14:02:24.598Z] >>> [apiv2][query] GET https://cloudfunctions.googleapis.com/v1/operations/Zy1zLWRpZ2l0YWwtYW5jaG9yL3VzLWNlbnRyYWwxL3NlbmRJbnF1aXJ5RW1haWwvSGFLWUxSR2ttMVU [none]
[debug] [2024-08-25T14:02:24.842Z] <<< [apiv2][status] GET https://cloudfunctions.googleapis.com/v1/operations/Zy1zLWRpZ2l0YWwtYW5jaG9yL3VzLWNlbnRyYWwxL3NlbmRJbnF1aXJ5RW1haWwvSGFLWUxSR2ttMVU 200
[debug] [2024-08-25T14:02:24.842Z] <<< [apiv2][body] GET https://cloudfunctions.googleapis.com/v1/operations/Zy1zLWRpZ2l0YWwtYW5jaG9yL3VzLWNlbnRyYWwxL3NlbmRJbnF1aXJ5RW1haWwvSGFLWUxSR2ttMVU {"name":"operations/Zy1zLWRpZ2l0YWwtYW5jaG9yL3VzLWNlbnRyYWwxL3NlbmRJbnF1aXJ5RW1haWwvSGFLWUxSR2ttMVU","metadata":{"@type":"type.googleapis.com/google.cloud.functions.v1.OperationMetadataV1","target":"projects/g-s-digital-anchor/locations/us-central1/functions/sendInquiryEmail","type":"CREATE_FUNCTION","request":{"@type":"type.googleapis.com/google.cloud.functions.v1.CloudFunction","name":"projects/g-s-digital-anchor/locations/us-central1/functions/sendInquiryEmail","eventTrigger":{"eventType":"providers/google.firebase.database/eventTypes/ref.create","resource":"projects/_/instances/g-s-digital-anchor-default-rtdb/refs/inquiry/{inquiryId}"},"entryPoint":"sendInquiryEmail","labels":{"deployment-tool":"cli-firebase","firebase-functions-hash":"ce3a2a534aff530a46ecf0d985b237e346c4ee67"},"sourceUploadUrl":"https://storage.googleapis.com/uploads-829134498577.us-central1.cloudfunctions.appspot.com/4cd1b0eb-91a5-40ba-b1a6-e652aa689840.zip?GoogleAccessId=service-1062655604588@gcf-admin-robot.iam.gserviceaccount.com&Expires=1724596339&Signature=kLB6a808NP6g6tabLPsP9px%2BEszlg5tpkLcQjUzvrrJGJpEMvw0FlFGo%2BIDowJIFLfvqBgzQ9FJX4JxVIhVSihzxf2CfchD3PECt24qUD3fAsysLHTGPJigWiT4A8G31ce2%2BK7ayTQvu6eDJTbi74Y2WXKCqNYoV6%2BpMwO7s0r5HwTsR84%2FmoteWS%2FSZzBqdJP4slbUqXtIMKGb8mYum5BQoJ22V4upVn7WcBah3vZgNjZvhsF70QYCogu1l3zoPssa5izMHGUgxz3XD%2FmpsC5sca%2FVCv%2F4MLDKK7Xa4PxRuhhEa6gBDW2Qp33X0%2BKOi3E7VvkZu3allh9fnnia01w%3D%3D","environmentVariables":{"FIREBASE_CONFIG":"{\"projectId\":\"g-s-digital-anchor\",\"databaseURL\":\"https://g-s-digital-anchor-default-rtdb.firebaseio.com\",\"storageBucket\":\"g-s-digital-anchor.appspot.com\"}","GCLOUD_PROJECT":"g-s-digital-anchor","EVENTARC_CLOUD_EVENT_SOURCE":"projects/g-s-digital-anchor/locations/us-central1/functions/sendInquiryEmail"},"runtime":"nodejs18","buildEnvironmentVariables":{"GOOGLE_NODE_RUN_SCRIPTS":""},"dockerRegistry":"ARTIFACT_REGISTRY"},"versionId":"1","updateTime":"2024-08-25T14:02:22Z"}}
[debug] [2024-08-25T14:02:26.843Z] [create-default-us-central1-sendInquiryEmail] Retrying task index 0
[debug] [2024-08-25T14:02:26.844Z] >>> [apiv2][query] GET https://cloudfunctions.googleapis.com/v1/operations/Zy1zLWRpZ2l0YWwtYW5jaG9yL3VzLWNlbnRyYWwxL3NlbmRJbnF1aXJ5RW1haWwvSGFLWUxSR2ttMVU [none]
[debug] [2024-08-25T14:02:27.052Z] <<< [apiv2][status] GET https://cloudfunctions.googleapis.com/v1/operations/Zy1zLWRpZ2l0YWwtYW5jaG9yL3VzLWNlbnRyYWwxL3NlbmRJbnF1aXJ5RW1haWwvSGFLWUxSR2ttMVU 200
[debug] [2024-08-25T14:02:27.052Z] <<< [apiv2][body] GET https://cloudfunctions.googleapis.com/v1/operations/Zy1zLWRpZ2l0YWwtYW5jaG9yL3VzLWNlbnRyYWwxL3NlbmRJbnF1aXJ5RW1haWwvSGFLWUxSR2ttMVU {"name":"operations/Zy1zLWRpZ2l0YWwtYW5jaG9yL3VzLWNlbnRyYWwxL3NlbmRJbnF1aXJ5RW1haWwvSGFLWUxSR2ttMVU","metadata":{"@type":"type.googleapis.com/google.cloud.functions.v1.OperationMetadataV1","target":"projects/g-s-digital-anchor/locations/us-central1/functions/sendInquiryEmail","type":"CREATE_FUNCTION","request":{"@type":"type.googleapis.com/google.cloud.functions.v1.CloudFunction","name":"projects/g-s-digital-anchor/locations/us-central1/functions/sendInquiryEmail","eventTrigger":{"eventType":"providers/google.firebase.database/eventTypes/ref.create","resource":"projects/_/instances/g-s-digital-anchor-default-rtdb/refs/inquiry/{inquiryId}"},"entryPoint":"sendInquiryEmail","labels":{"deployment-tool":"cli-firebase","firebase-functions-hash":"ce3a2a534aff530a46ecf0d985b237e346c4ee67"},"sourceUploadUrl":"https://storage.googleapis.com/uploads-829134498577.us-central1.cloudfunctions.appspot.com/4cd1b0eb-91a5-40ba-b1a6-e652aa689840.zip?GoogleAccessId=service-1062655604588@gcf-admin-robot.iam.gserviceaccount.com&Expires=1724596339&Signature=kLB6a808NP6g6tabLPsP9px%2BEszlg5tpkLcQjUzvrrJGJpEMvw0FlFGo%2BIDowJIFLfvqBgzQ9FJX4JxVIhVSihzxf2CfchD3PECt24qUD3fAsysLHTGPJigWiT4A8G31ce2%2BK7ayTQvu6eDJTbi74Y2WXKCqNYoV6%2BpMwO7s0r5HwTsR84%2FmoteWS%2FSZzBqdJP4slbUqXtIMKGb8mYum5BQoJ22V4upVn7WcBah3vZgNjZvhsF70QYCogu1l3zoPssa5izMHGUgxz3XD%2FmpsC5sca%2FVCv%2F4MLDKK7Xa4PxRuhhEa6gBDW2Qp33X0%2BKOi3E7VvkZu3allh9fnnia01w%3D%3D","environmentVariables":{"FIREBASE_CONFIG":"{\"projectId\":\"g-s-digital-anchor\",\"databaseURL\":\"https://g-s-digital-anchor-default-rtdb.firebaseio.com\",\"storageBucket\":\"g-s-digital-anchor.appspot.com\"}","GCLOUD_PROJECT":"g-s-digital-anchor","EVENTARC_CLOUD_EVENT_SOURCE":"projects/g-s-digital-anchor/locations/us-central1/functions/sendInquiryEmail"},"runtime":"nodejs18","buildEnvironmentVariables":{"GOOGLE_NODE_RUN_SCRIPTS":""},"dockerRegistry":"ARTIFACT_REGISTRY"},"versionId":"1","updateTime":"2024-08-25T14:02:22Z"}}
[debug] [2024-08-25T14:02:31.053Z] [create-default-us-central1-sendInquiryEmail] Retrying task index 0
[debug] [2024-08-25T14:02:31.054Z] >>> [apiv2][query] GET https://cloudfunctions.googleapis.com/v1/operations/Zy1zLWRpZ2l0YWwtYW5jaG9yL3VzLWNlbnRyYWwxL3NlbmRJbnF1aXJ5RW1haWwvSGFLWUxSR2ttMVU [none]
[debug] [2024-08-25T14:02:31.380Z] <<< [apiv2][status] GET https://cloudfunctions.googleapis.com/v1/operations/Zy1zLWRpZ2l0YWwtYW5jaG9yL3VzLWNlbnRyYWwxL3NlbmRJbnF1aXJ5RW1haWwvSGFLWUxSR2ttMVU 200
[debug] [2024-08-25T14:02:31.380Z] <<< [apiv2][body] GET https://cloudfunctions.googleapis.com/v1/operations/Zy1zLWRpZ2l0YWwtYW5jaG9yL3VzLWNlbnRyYWwxL3NlbmRJbnF1aXJ5RW1haWwvSGFLWUxSR2ttMVU {"name":"operations/Zy1zLWRpZ2l0YWwtYW5jaG9yL3VzLWNlbnRyYWwxL3NlbmRJbnF1aXJ5RW1haWwvSGFLWUxSR2ttMVU","metadata":{"@type":"type.googleapis.com/google.cloud.functions.v1.OperationMetadataV1","target":"projects/g-s-digital-anchor/locations/us-central1/functions/sendInquiryEmail","type":"CREATE_FUNCTION","request":{"@type":"type.googleapis.com/google.cloud.functions.v1.CloudFunction","name":"projects/g-s-digital-anchor/locations/us-central1/functions/sendInquiryEmail","eventTrigger":{"eventType":"providers/google.firebase.database/eventTypes/ref.create","resource":"projects/_/instances/g-s-digital-anchor-default-rtdb/refs/inquiry/{inquiryId}"},"entryPoint":"sendInquiryEmail","labels":{"deployment-tool":"cli-firebase","firebase-functions-hash":"ce3a2a534aff530a46ecf0d985b237e346c4ee67"},"sourceUploadUrl":"https://storage.googleapis.com/uploads-829134498577.us-central1.cloudfunctions.appspot.com/4cd1b0eb-91a5-40ba-b1a6-e652aa689840.zip?GoogleAccessId=service-1062655604588@gcf-admin-robot.iam.gserviceaccount.com&Expires=1724596339&Signature=kLB6a808NP6g6tabLPsP9px%2BEszlg5tpkLcQjUzvrrJGJpEMvw0FlFGo%2BIDowJIFLfvqBgzQ9FJX4JxVIhVSihzxf2CfchD3PECt24qUD3fAsysLHTGPJigWiT4A8G31ce2%2BK7ayTQvu6eDJTbi74Y2WXKCqNYoV6%2BpMwO7s0r5HwTsR84%2FmoteWS%2FSZzBqdJP4slbUqXtIMKGb8mYum5BQoJ22V4upVn7WcBah3vZgNjZvhsF70QYCogu1l3zoPssa5izMHGUgxz3XD%2FmpsC5sca%2FVCv%2F4MLDKK7Xa4PxRuhhEa6gBDW2Qp33X0%2BKOi3E7VvkZu3allh9fnnia01w%3D%3D","environmentVariables":{"FIREBASE_CONFIG":"{\"projectId\":\"g-s-digital-anchor\",\"databaseURL\":\"https://g-s-digital-anchor-default-rtdb.firebaseio.com\",\"storageBucket\":\"g-s-digital-anchor.appspot.com\"}","GCLOUD_PROJECT":"g-s-digital-anchor","EVENTARC_CLOUD_EVENT_SOURCE":"projects/g-s-digital-anchor/locations/us-central1/functions/sendInquiryEmail"},"runtime":"nodejs18","buildEnvironmentVariables":{"GOOGLE_NODE_RUN_SCRIPTS":""},"dockerRegistry":"ARTIFACT_REGISTRY"},"versionId":"1","updateTime":"2024-08-25T14:02:22Z"}}
[debug] [2024-08-25T14:02:39.381Z] [create-default-us-central1-sendInquiryEmail] Retrying task index 0
[debug] [2024-08-25T14:02:39.382Z] >>> [apiv2][query] GET https://cloudfunctions.googleapis.com/v1/operations/Zy1zLWRpZ2l0YWwtYW5jaG9yL3VzLWNlbnRyYWwxL3NlbmRJbnF1aXJ5RW1haWwvSGFLWUxSR2ttMVU [none]
[debug] [2024-08-25T14:02:39.637Z] <<< [apiv2][status] GET https://cloudfunctions.googleapis.com/v1/operations/Zy1zLWRpZ2l0YWwtYW5jaG9yL3VzLWNlbnRyYWwxL3NlbmRJbnF1aXJ5RW1haWwvSGFLWUxSR2ttMVU 200
[debug] [2024-08-25T14:02:39.637Z] <<< [apiv2][body] GET https://cloudfunctions.googleapis.com/v1/operations/Zy1zLWRpZ2l0YWwtYW5jaG9yL3VzLWNlbnRyYWwxL3NlbmRJbnF1aXJ5RW1haWwvSGFLWUxSR2ttMVU {"name":"operations/Zy1zLWRpZ2l0YWwtYW5jaG9yL3VzLWNlbnRyYWwxL3NlbmRJbnF1aXJ5RW1haWwvSGFLWUxSR2ttMVU","metadata":{"@type":"type.googleapis.com/google.cloud.functions.v1.OperationMetadataV1","target":"projects/g-s-digital-anchor/locations/us-central1/functions/sendInquiryEmail","type":"CREATE_FUNCTION","request":{"@type":"type.googleapis.com/google.cloud.functions.v1.CloudFunction","name":"projects/g-s-digital-anchor/locations/us-central1/functions/sendInquiryEmail","eventTrigger":{"eventType":"providers/google.firebase.database/eventTypes/ref.create","resource":"projects/_/instances/g-s-digital-anchor-default-rtdb/refs/inquiry/{inquiryId}"},"entryPoint":"sendInquiryEmail","labels":{"deployment-tool":"cli-firebase","firebase-functions-hash":"ce3a2a534aff530a46ecf0d985b237e346c4ee67"},"sourceUploadUrl":"https://storage.googleapis.com/uploads-829134498577.us-central1.cloudfunctions.appspot.com/4cd1b0eb-91a5-40ba-b1a6-e652aa689840.zip?GoogleAccessId=service-1062655604588@gcf-admin-robot.iam.gserviceaccount.com&Expires=1724596339&Signature=kLB6a808NP6g6tabLPsP9px%2BEszlg5tpkLcQjUzvrrJGJpEMvw0FlFGo%2BIDowJIFLfvqBgzQ9FJX4JxVIhVSihzxf2CfchD3PECt24qUD3fAsysLHTGPJigWiT4A8G31ce2%2BK7ayTQvu6eDJTbi74Y2WXKCqNYoV6%2BpMwO7s0r5HwTsR84%2FmoteWS%2FSZzBqdJP4slbUqXtIMKGb8mYum5BQoJ22V4upVn7WcBah3vZgNjZvhsF70QYCogu1l3zoPssa5izMHGUgxz3XD%2FmpsC5sca%2FVCv%2F4MLDKK7Xa4PxRuhhEa6gBDW2Qp33X0%2BKOi3E7VvkZu3allh9fnnia01w%3D%3D","environmentVariables":{"FIREBASE_CONFIG":"{\"projectId\":\"g-s-digital-anchor\",\"databaseURL\":\"https://g-s-digital-anchor-default-rtdb.firebaseio.com\",\"storageBucket\":\"g-s-digital-anchor.appspot.com\"}","GCLOUD_PROJECT":"g-s-digital-anchor","EVENTARC_CLOUD_EVENT_SOURCE":"projects/g-s-digital-anchor/locations/us-central1/functions/sendInquiryEmail"},"runtime":"nodejs18","buildEnvironmentVariables":{"GOOGLE_NODE_RUN_SCRIPTS":""},"dockerRegistry":"ARTIFACT_REGISTRY"},"versionId":"1","updateTime":"2024-08-25T14:02:22Z","buildId":"ab343bbc-aad0-4e29-9556-e98b250a63d9","buildName":"projects/1062655604588/locations/us-central1/builds/ab343bbc-aad0-4e29-9556-e98b250a63d9"}}
[debug] [2024-08-25T14:02:49.638Z] [create-default-us-central1-sendInquiryEmail] Retrying task index 0
[debug] [2024-08-25T14:02:49.639Z] >>> [apiv2][query] GET https://cloudfunctions.googleapis.com/v1/operations/Zy1zLWRpZ2l0YWwtYW5jaG9yL3VzLWNlbnRyYWwxL3NlbmRJbnF1aXJ5RW1haWwvSGFLWUxSR2ttMVU [none]
[debug] [2024-08-25T14:02:49.983Z] <<< [apiv2][status] GET https://cloudfunctions.googleapis.com/v1/operations/Zy1zLWRpZ2l0YWwtYW5jaG9yL3VzLWNlbnRyYWwxL3NlbmRJbnF1aXJ5RW1haWwvSGFLWUxSR2ttMVU 200
[debug] [2024-08-25T14:02:49.983Z] <<< [apiv2][body] GET https://cloudfunctions.googleapis.com/v1/operations/Zy1zLWRpZ2l0YWwtYW5jaG9yL3VzLWNlbnRyYWwxL3NlbmRJbnF1aXJ5RW1haWwvSGFLWUxSR2ttMVU {"name":"operations/Zy1zLWRpZ2l0YWwtYW5jaG9yL3VzLWNlbnRyYWwxL3NlbmRJbnF1aXJ5RW1haWwvSGFLWUxSR2ttMVU","metadata":{"@type":"type.googleapis.com/google.cloud.functions.v1.OperationMetadataV1","target":"projects/g-s-digital-anchor/locations/us-central1/functions/sendInquiryEmail","type":"CREATE_FUNCTION","request":{"@type":"type.googleapis.com/google.cloud.functions.v1.CloudFunction","name":"projects/g-s-digital-anchor/locations/us-central1/functions/sendInquiryEmail","eventTrigger":{"eventType":"providers/google.firebase.database/eventTypes/ref.create","resource":"projects/_/instances/g-s-digital-anchor-default-rtdb/refs/inquiry/{inquiryId}"},"entryPoint":"sendInquiryEmail","labels":{"deployment-tool":"cli-firebase","firebase-functions-hash":"ce3a2a534aff530a46ecf0d985b237e346c4ee67"},"sourceUploadUrl":"https://storage.googleapis.com/uploads-829134498577.us-central1.cloudfunctions.appspot.com/4cd1b0eb-91a5-40ba-b1a6-e652aa689840.zip?GoogleAccessId=service-1062655604588@gcf-admin-robot.iam.gserviceaccount.com&Expires=1724596339&Signature=kLB6a808NP6g6tabLPsP9px%2BEszlg5tpkLcQjUzvrrJGJpEMvw0FlFGo%2BIDowJIFLfvqBgzQ9FJX4JxVIhVSihzxf2CfchD3PECt24qUD3fAsysLHTGPJigWiT4A8G31ce2%2BK7ayTQvu6eDJTbi74Y2WXKCqNYoV6%2BpMwO7s0r5HwTsR84%2FmoteWS%2FSZzBqdJP4slbUqXtIMKGb8mYum5BQoJ22V4upVn7WcBah3vZgNjZvhsF70QYCogu1l3zoPssa5izMHGUgxz3XD%2FmpsC5sca%2FVCv%2F4MLDKK7Xa4PxRuhhEa6gBDW2Qp33X0%2BKOi3E7VvkZu3allh9fnnia01w%3D%3D","environmentVariables":{"FIREBASE_CONFIG":"{\"projectId\":\"g-s-digital-anchor\",\"databaseURL\":\"https://g-s-digital-anchor-default-rtdb.firebaseio.com\",\"storageBucket\":\"g-s-digital-anchor.appspot.com\"}","GCLOUD_PROJECT":"g-s-digital-anchor","EVENTARC_CLOUD_EVENT_SOURCE":"projects/g-s-digital-anchor/locations/us-central1/functions/sendInquiryEmail"},"runtime":"nodejs18","buildEnvironmentVariables":{"GOOGLE_NODE_RUN_SCRIPTS":""},"dockerRegistry":"ARTIFACT_REGISTRY"},"versionId":"1","updateTime":"2024-08-25T14:02:22Z","buildId":"ab343bbc-aad0-4e29-9556-e98b250a63d9","buildName":"projects/1062655604588/locations/us-central1/builds/ab343bbc-aad0-4e29-9556-e98b250a63d9"}}
[debug] [2024-08-25T14:02:59.987Z] [create-default-us-central1-sendInquiryEmail] Retrying task index 0
[debug] [2024-08-25T14:02:59.988Z] >>> [apiv2][query] GET https://cloudfunctions.googleapis.com/v1/operations/Zy1zLWRpZ2l0YWwtYW5jaG9yL3VzLWNlbnRyYWwxL3NlbmRJbnF1aXJ5RW1haWwvSGFLWUxSR2ttMVU [none]
[debug] [2024-08-25T14:03:00.263Z] <<< [apiv2][status] GET https://cloudfunctions.googleapis.com/v1/operations/Zy1zLWRpZ2l0YWwtYW5jaG9yL3VzLWNlbnRyYWwxL3NlbmRJbnF1aXJ5RW1haWwvSGFLWUxSR2ttMVU 200
[debug] [2024-08-25T14:03:00.263Z] <<< [apiv2][body] GET https://cloudfunctions.googleapis.com/v1/operations/Zy1zLWRpZ2l0YWwtYW5jaG9yL3VzLWNlbnRyYWwxL3NlbmRJbnF1aXJ5RW1haWwvSGFLWUxSR2ttMVU {"name":"operations/Zy1zLWRpZ2l0YWwtYW5jaG9yL3VzLWNlbnRyYWwxL3NlbmRJbnF1aXJ5RW1haWwvSGFLWUxSR2ttMVU","metadata":{"@type":"type.googleapis.com/google.cloud.functions.v1.OperationMetadataV1","target":"projects/g-s-digital-anchor/locations/us-central1/functions/sendInquiryEmail","type":"CREATE_FUNCTION","request":{"@type":"type.googleapis.com/google.cloud.functions.v1.CloudFunction","name":"projects/g-s-digital-anchor/locations/us-central1/functions/sendInquiryEmail","eventTrigger":{"eventType":"providers/google.firebase.database/eventTypes/ref.create","resource":"projects/_/instances/g-s-digital-anchor-default-rtdb/refs/inquiry/{inquiryId}"},"entryPoint":"sendInquiryEmail","labels":{"deployment-tool":"cli-firebase","firebase-functions-hash":"ce3a2a534aff530a46ecf0d985b237e346c4ee67"},"sourceUploadUrl":"https://storage.googleapis.com/uploads-829134498577.us-central1.cloudfunctions.appspot.com/4cd1b0eb-91a5-40ba-b1a6-e652aa689840.zip?GoogleAccessId=service-1062655604588@gcf-admin-robot.iam.gserviceaccount.com&Expires=1724596339&Signature=kLB6a808NP6g6tabLPsP9px%2BEszlg5tpkLcQjUzvrrJGJpEMvw0FlFGo%2BIDowJIFLfvqBgzQ9FJX4JxVIhVSihzxf2CfchD3PECt24qUD3fAsysLHTGPJigWiT4A8G31ce2%2BK7ayTQvu6eDJTbi74Y2WXKCqNYoV6%2BpMwO7s0r5HwTsR84%2FmoteWS%2FSZzBqdJP4slbUqXtIMKGb8mYum5BQoJ22V4upVn7WcBah3vZgNjZvhsF70QYCogu1l3zoPssa5izMHGUgxz3XD%2FmpsC5sca%2FVCv%2F4MLDKK7Xa4PxRuhhEa6gBDW2Qp33X0%2BKOi3E7VvkZu3allh9fnnia01w%3D%3D","environmentVariables":{"FIREBASE_CONFIG":"{\"projectId\":\"g-s-digital-anchor\",\"databaseURL\":\"https://g-s-digital-anchor-default-rtdb.firebaseio.com\",\"storageBucket\":\"g-s-digital-anchor.appspot.com\"}","GCLOUD_PROJECT":"g-s-digital-anchor","EVENTARC_CLOUD_EVENT_SOURCE":"projects/g-s-digital-anchor/locations/us-central1/functions/sendInquiryEmail"},"runtime":"nodejs18","buildEnvironmentVariables":{"GOOGLE_NODE_RUN_SCRIPTS":""},"dockerRegistry":"ARTIFACT_REGISTRY"},"versionId":"1","updateTime":"2024-08-25T14:02:22Z","buildId":"ab343bbc-aad0-4e29-9556-e98b250a63d9","buildName":"projects/1062655604588/locations/us-central1/builds/ab343bbc-aad0-4e29-9556-e98b250a63d9"}}
[debug] [2024-08-25T14:03:10.265Z] [create-default-us-central1-sendInquiryEmail] Retrying task index 0
[debug] [2024-08-25T14:03:10.266Z] >>> [apiv2][query] GET https://cloudfunctions.googleapis.com/v1/operations/Zy1zLWRpZ2l0YWwtYW5jaG9yL3VzLWNlbnRyYWwxL3NlbmRJbnF1aXJ5RW1haWwvSGFLWUxSR2ttMVU [none]
[debug] [2024-08-25T14:03:10.665Z] <<< [apiv2][status] GET https://cloudfunctions.googleapis.com/v1/operations/Zy1zLWRpZ2l0YWwtYW5jaG9yL3VzLWNlbnRyYWwxL3NlbmRJbnF1aXJ5RW1haWwvSGFLWUxSR2ttMVU 200
[debug] [2024-08-25T14:03:10.665Z] <<< [apiv2][body] GET https://cloudfunctions.googleapis.com/v1/operations/Zy1zLWRpZ2l0YWwtYW5jaG9yL3VzLWNlbnRyYWwxL3NlbmRJbnF1aXJ5RW1haWwvSGFLWUxSR2ttMVU {"name":"operations/Zy1zLWRpZ2l0YWwtYW5jaG9yL3VzLWNlbnRyYWwxL3NlbmRJbnF1aXJ5RW1haWwvSGFLWUxSR2ttMVU","metadata":{"@type":"type.googleapis.com/google.cloud.functions.v1.OperationMetadataV1","target":"projects/g-s-digital-anchor/locations/us-central1/functions/sendInquiryEmail","type":"CREATE_FUNCTION","request":{"@type":"type.googleapis.com/google.cloud.functions.v1.CloudFunction","name":"projects/g-s-digital-anchor/locations/us-central1/functions/sendInquiryEmail","eventTrigger":{"eventType":"providers/google.firebase.database/eventTypes/ref.create","resource":"projects/_/instances/g-s-digital-anchor-default-rtdb/refs/inquiry/{inquiryId}"},"entryPoint":"sendInquiryEmail","labels":{"deployment-tool":"cli-firebase","firebase-functions-hash":"ce3a2a534aff530a46ecf0d985b237e346c4ee67"},"sourceUploadUrl":"https://storage.googleapis.com/uploads-829134498577.us-central1.cloudfunctions.appspot.com/4cd1b0eb-91a5-40ba-b1a6-e652aa689840.zip?GoogleAccessId=service-1062655604588@gcf-admin-robot.iam.gserviceaccount.com&Expires=1724596339&Signature=kLB6a808NP6g6tabLPsP9px%2BEszlg5tpkLcQjUzvrrJGJpEMvw0FlFGo%2BIDowJIFLfvqBgzQ9FJX4JxVIhVSihzxf2CfchD3PECt24qUD3fAsysLHTGPJigWiT4A8G31ce2%2BK7ayTQvu6eDJTbi74Y2WXKCqNYoV6%2BpMwO7s0r5HwTsR84%2FmoteWS%2FSZzBqdJP4slbUqXtIMKGb8mYum5BQoJ22V4upVn7WcBah3vZgNjZvhsF70QYCogu1l3zoPssa5izMHGUgxz3XD%2FmpsC5sca%2FVCv%2F4MLDKK7Xa4PxRuhhEa6gBDW2Qp33X0%2BKOi3E7VvkZu3allh9fnnia01w%3D%3D","environmentVariables":{"FIREBASE_CONFIG":"{\"projectId\":\"g-s-digital-anchor\",\"databaseURL\":\"https://g-s-digital-anchor-default-rtdb.firebaseio.com\",\"storageBucket\":\"g-s-digital-anchor.appspot.com\"}","GCLOUD_PROJECT":"g-s-digital-anchor","EVENTARC_CLOUD_EVENT_SOURCE":"projects/g-s-digital-anchor/locations/us-central1/functions/sendInquiryEmail"},"runtime":"nodejs18","buildEnvironmentVariables":{"GOOGLE_NODE_RUN_SCRIPTS":""},"dockerRegistry":"ARTIFACT_REGISTRY"},"versionId":"1","updateTime":"2024-08-25T14:02:22Z","buildId":"ab343bbc-aad0-4e29-9556-e98b250a63d9","buildName":"projects/1062655604588/locations/us-central1/builds/ab343bbc-aad0-4e29-9556-e98b250a63d9"}}
[debug] [2024-08-25T14:03:20.667Z] [create-default-us-central1-sendInquiryEmail] Retrying task index 0
[debug] [2024-08-25T14:03:20.668Z] >>> [apiv2][query] GET https://cloudfunctions.googleapis.com/v1/operations/Zy1zLWRpZ2l0YWwtYW5jaG9yL3VzLWNlbnRyYWwxL3NlbmRJbnF1aXJ5RW1haWwvSGFLWUxSR2ttMVU [none]
[debug] [2024-08-25T14:03:20.972Z] <<< [apiv2][status] GET https://cloudfunctions.googleapis.com/v1/operations/Zy1zLWRpZ2l0YWwtYW5jaG9yL3VzLWNlbnRyYWwxL3NlbmRJbnF1aXJ5RW1haWwvSGFLWUxSR2ttMVU 200
[debug] [2024-08-25T14:03:20.973Z] <<< [apiv2][body] GET https://cloudfunctions.googleapis.com/v1/operations/Zy1zLWRpZ2l0YWwtYW5jaG9yL3VzLWNlbnRyYWwxL3NlbmRJbnF1aXJ5RW1haWwvSGFLWUxSR2ttMVU {"name":"operations/Zy1zLWRpZ2l0YWwtYW5jaG9yL3VzLWNlbnRyYWwxL3NlbmRJbnF1aXJ5RW1haWwvSGFLWUxSR2ttMVU","metadata":{"@type":"type.googleapis.com/google.cloud.functions.v1.OperationMetadataV1","target":"projects/g-s-digital-anchor/locations/us-central1/functions/sendInquiryEmail","type":"CREATE_FUNCTION","request":{"@type":"type.googleapis.com/google.cloud.functions.v1.CloudFunction","name":"projects/g-s-digital-anchor/locations/us-central1/functions/sendInquiryEmail","eventTrigger":{"eventType":"providers/google.firebase.database/eventTypes/ref.create","resource":"projects/_/instances/g-s-digital-anchor-default-rtdb/refs/inquiry/{inquiryId}"},"entryPoint":"sendInquiryEmail","labels":{"deployment-tool":"cli-firebase","firebase-functions-hash":"ce3a2a534aff530a46ecf0d985b237e346c4ee67"},"sourceUploadUrl":"https://storage.googleapis.com/uploads-829134498577.us-central1.cloudfunctions.appspot.com/4cd1b0eb-91a5-40ba-b1a6-e652aa689840.zip?GoogleAccessId=service-1062655604588@gcf-admin-robot.iam.gserviceaccount.com&Expires=1724596339&Signature=kLB6a808NP6g6tabLPsP9px%2BEszlg5tpkLcQjUzvrrJGJpEMvw0FlFGo%2BIDowJIFLfvqBgzQ9FJX4JxVIhVSihzxf2CfchD3PECt24qUD3fAsysLHTGPJigWiT4A8G31ce2%2BK7ayTQvu6eDJTbi74Y2WXKCqNYoV6%2BpMwO7s0r5HwTsR84%2FmoteWS%2FSZzBqdJP4slbUqXtIMKGb8mYum5BQoJ22V4upVn7WcBah3vZgNjZvhsF70QYCogu1l3zoPssa5izMHGUgxz3XD%2FmpsC5sca%2FVCv%2F4MLDKK7Xa4PxRuhhEa6gBDW2Qp33X0%2BKOi3E7VvkZu3allh9fnnia01w%3D%3D","environmentVariables":{"FIREBASE_CONFIG":"{\"projectId\":\"g-s-digital-anchor\",\"databaseURL\":\"https://g-s-digital-anchor-default-rtdb.firebaseio.com\",\"storageBucket\":\"g-s-digital-anchor.appspot.com\"}","GCLOUD_PROJECT":"g-s-digital-anchor","EVENTARC_CLOUD_EVENT_SOURCE":"projects/g-s-digital-anchor/locations/us-central1/functions/sendInquiryEmail"},"runtime":"nodejs18","buildEnvironmentVariables":{"GOOGLE_NODE_RUN_SCRIPTS":""},"dockerRegistry":"ARTIFACT_REGISTRY"},"versionId":"1","updateTime":"2024-08-25T14:02:22Z","buildId":"ab343bbc-aad0-4e29-9556-e98b250a63d9","buildName":"projects/1062655604588/locations/us-central1/builds/ab343bbc-aad0-4e29-9556-e98b250a63d9"}}
[debug] [2024-08-25T14:03:30.974Z] [create-default-us-central1-sendInquiryEmail] Retrying task index 0
[debug] [2024-08-25T14:03:30.974Z] >>> [apiv2][query] GET https://cloudfunctions.googleapis.com/v1/operations/Zy1zLWRpZ2l0YWwtYW5jaG9yL3VzLWNlbnRyYWwxL3NlbmRJbnF1aXJ5RW1haWwvSGFLWUxSR2ttMVU [none]
[debug] [2024-08-25T14:03:31.251Z] <<< [apiv2][status] GET https://cloudfunctions.googleapis.com/v1/operations/Zy1zLWRpZ2l0YWwtYW5jaG9yL3VzLWNlbnRyYWwxL3NlbmRJbnF1aXJ5RW1haWwvSGFLWUxSR2ttMVU 200
[debug] [2024-08-25T14:03:31.252Z] <<< [apiv2][body] GET https://cloudfunctions.googleapis.com/v1/operations/Zy1zLWRpZ2l0YWwtYW5jaG9yL3VzLWNlbnRyYWwxL3NlbmRJbnF1aXJ5RW1haWwvSGFLWUxSR2ttMVU {"name":"operations/Zy1zLWRpZ2l0YWwtYW5jaG9yL3VzLWNlbnRyYWwxL3NlbmRJbnF1aXJ5RW1haWwvSGFLWUxSR2ttMVU","metadata":{"@type":"type.googleapis.com/google.cloud.functions.v1.OperationMetadataV1","target":"projects/g-s-digital-anchor/locations/us-central1/functions/sendInquiryEmail","type":"CREATE_FUNCTION","request":{"@type":"type.googleapis.com/google.cloud.functions.v1.CloudFunction","name":"projects/g-s-digital-anchor/locations/us-central1/functions/sendInquiryEmail","eventTrigger":{"eventType":"providers/google.firebase.database/eventTypes/ref.create","resource":"projects/_/instances/g-s-digital-anchor-default-rtdb/refs/inquiry/{inquiryId}"},"entryPoint":"sendInquiryEmail","labels":{"deployment-tool":"cli-firebase","firebase-functions-hash":"ce3a2a534aff530a46ecf0d985b237e346c4ee67"},"sourceUploadUrl":"https://storage.googleapis.com/uploads-829134498577.us-central1.cloudfunctions.appspot.com/4cd1b0eb-91a5-40ba-b1a6-e652aa689840.zip?GoogleAccessId=service-1062655604588@gcf-admin-robot.iam.gserviceaccount.com&Expires=1724596339&Signature=kLB6a808NP6g6tabLPsP9px%2BEszlg5tpkLcQjUzvrrJGJpEMvw0FlFGo%2BIDowJIFLfvqBgzQ9FJX4JxVIhVSihzxf2CfchD3PECt24qUD3fAsysLHTGPJigWiT4A8G31ce2%2BK7ayTQvu6eDJTbi74Y2WXKCqNYoV6%2BpMwO7s0r5HwTsR84%2FmoteWS%2FSZzBqdJP4slbUqXtIMKGb8mYum5BQoJ22V4upVn7WcBah3vZgNjZvhsF70QYCogu1l3zoPssa5izMHGUgxz3XD%2FmpsC5sca%2FVCv%2F4MLDKK7Xa4PxRuhhEa6gBDW2Qp33X0%2BKOi3E7VvkZu3allh9fnnia01w%3D%3D","environmentVariables":{"FIREBASE_CONFIG":"{\"projectId\":\"g-s-digital-anchor\",\"databaseURL\":\"https://g-s-digital-anchor-default-rtdb.firebaseio.com\",\"storageBucket\":\"g-s-digital-anchor.appspot.com\"}","GCLOUD_PROJECT":"g-s-digital-anchor","EVENTARC_CLOUD_EVENT_SOURCE":"projects/g-s-digital-anchor/locations/us-central1/functions/sendInquiryEmail"},"runtime":"nodejs18","buildEnvironmentVariables":{"GOOGLE_NODE_RUN_SCRIPTS":""},"dockerRegistry":"ARTIFACT_REGISTRY"},"versionId":"1","updateTime":"2024-08-25T14:02:22Z","buildId":"ab343bbc-aad0-4e29-9556-e98b250a63d9","sourceToken":"0347be23-ed3e-4f44-86e1-7088943ee16b","buildName":"projects/1062655604588/locations/us-central1/builds/ab343bbc-aad0-4e29-9556-e98b250a63d9"}}
[debug] [2024-08-25T14:03:31.252Z] Got source token 0347be23-ed3e-4f44-86e1-7088943ee16b for region us-central1
[debug] [2024-08-25T14:03:41.253Z] [create-default-us-central1-sendInquiryEmail] Retrying task index 0
[debug] [2024-08-25T14:03:41.254Z] >>> [apiv2][query] GET https://cloudfunctions.googleapis.com/v1/operations/Zy1zLWRpZ2l0YWwtYW5jaG9yL3VzLWNlbnRyYWwxL3NlbmRJbnF1aXJ5RW1haWwvSGFLWUxSR2ttMVU [none]
[debug] [2024-08-25T14:03:41.532Z] <<< [apiv2][status] GET https://cloudfunctions.googleapis.com/v1/operations/Zy1zLWRpZ2l0YWwtYW5jaG9yL3VzLWNlbnRyYWwxL3NlbmRJbnF1aXJ5RW1haWwvSGFLWUxSR2ttMVU 200
[debug] [2024-08-25T14:03:41.532Z] <<< [apiv2][body] GET https://cloudfunctions.googleapis.com/v1/operations/Zy1zLWRpZ2l0YWwtYW5jaG9yL3VzLWNlbnRyYWwxL3NlbmRJbnF1aXJ5RW1haWwvSGFLWUxSR2ttMVU {"name":"operations/Zy1zLWRpZ2l0YWwtYW5jaG9yL3VzLWNlbnRyYWwxL3NlbmRJbnF1aXJ5RW1haWwvSGFLWUxSR2ttMVU","metadata":{"@type":"type.googleapis.com/google.cloud.functions.v1.OperationMetadataV1","target":"projects/g-s-digital-anchor/locations/us-central1/functions/sendInquiryEmail","type":"CREATE_FUNCTION","request":{"@type":"type.googleapis.com/google.cloud.functions.v1.CloudFunction","name":"projects/g-s-digital-anchor/locations/us-central1/functions/sendInquiryEmail","eventTrigger":{"eventType":"providers/google.firebase.database/eventTypes/ref.create","resource":"projects/_/instances/g-s-digital-anchor-default-rtdb/refs/inquiry/{inquiryId}"},"entryPoint":"sendInquiryEmail","labels":{"deployment-tool":"cli-firebase","firebase-functions-hash":"ce3a2a534aff530a46ecf0d985b237e346c4ee67"},"sourceUploadUrl":"https://storage.googleapis.com/uploads-829134498577.us-central1.cloudfunctions.appspot.com/4cd1b0eb-91a5-40ba-b1a6-e652aa689840.zip?GoogleAccessId=service-1062655604588@gcf-admin-robot.iam.gserviceaccount.com&Expires=1724596339&Signature=kLB6a808NP6g6tabLPsP9px%2BEszlg5tpkLcQjUzvrrJGJpEMvw0FlFGo%2BIDowJIFLfvqBgzQ9FJX4JxVIhVSihzxf2CfchD3PECt24qUD3fAsysLHTGPJigWiT4A8G31ce2%2BK7ayTQvu6eDJTbi74Y2WXKCqNYoV6%2BpMwO7s0r5HwTsR84%2FmoteWS%2FSZzBqdJP4slbUqXtIMKGb8mYum5BQoJ22V4upVn7WcBah3vZgNjZvhsF70QYCogu1l3zoPssa5izMHGUgxz3XD%2FmpsC5sca%2FVCv%2F4MLDKK7Xa4PxRuhhEa6gBDW2Qp33X0%2BKOi3E7VvkZu3allh9fnnia01w%3D%3D","environmentVariables":{"FIREBASE_CONFIG":"{\"projectId\":\"g-s-digital-anchor\",\"databaseURL\":\"https://g-s-digital-anchor-default-rtdb.firebaseio.com\",\"storageBucket\":\"g-s-digital-anchor.appspot.com\"}","GCLOUD_PROJECT":"g-s-digital-anchor","EVENTARC_CLOUD_EVENT_SOURCE":"projects/g-s-digital-anchor/locations/us-central1/functions/sendInquiryEmail"},"runtime":"nodejs18","buildEnvironmentVariables":{"GOOGLE_NODE_RUN_SCRIPTS":""},"dockerRegistry":"ARTIFACT_REGISTRY"},"versionId":"1","updateTime":"2024-08-25T14:02:22Z","buildId":"ab343bbc-aad0-4e29-9556-e98b250a63d9","sourceToken":"0347be23-ed3e-4f44-86e1-7088943ee16b","buildName":"projects/1062655604588/locations/us-central1/builds/ab343bbc-aad0-4e29-9556-e98b250a63d9"}}
[debug] [2024-08-25T14:03:41.533Z] Got source token 0347be23-ed3e-4f44-86e1-7088943ee16b for region us-central1
[debug] [2024-08-25T14:03:51.534Z] [create-default-us-central1-sendInquiryEmail] Retrying task index 0
[debug] [2024-08-25T14:03:51.535Z] >>> [apiv2][query] GET https://cloudfunctions.googleapis.com/v1/operations/Zy1zLWRpZ2l0YWwtYW5jaG9yL3VzLWNlbnRyYWwxL3NlbmRJbnF1aXJ5RW1haWwvSGFLWUxSR2ttMVU [none]
[debug] [2024-08-25T14:03:51.813Z] <<< [apiv2][status] GET https://cloudfunctions.googleapis.com/v1/operations/Zy1zLWRpZ2l0YWwtYW5jaG9yL3VzLWNlbnRyYWwxL3NlbmRJbnF1aXJ5RW1haWwvSGFLWUxSR2ttMVU 200
[debug] [2024-08-25T14:03:51.814Z] <<< [apiv2][body] GET https://cloudfunctions.googleapis.com/v1/operations/Zy1zLWRpZ2l0YWwtYW5jaG9yL3VzLWNlbnRyYWwxL3NlbmRJbnF1aXJ5RW1haWwvSGFLWUxSR2ttMVU {"name":"operations/Zy1zLWRpZ2l0YWwtYW5jaG9yL3VzLWNlbnRyYWwxL3NlbmRJbnF1aXJ5RW1haWwvSGFLWUxSR2ttMVU","metadata":{"@type":"type.googleapis.com/google.cloud.functions.v1.OperationMetadataV1","target":"projects/g-s-digital-anchor/locations/us-central1/functions/sendInquiryEmail","type":"CREATE_FUNCTION","request":{"@type":"type.googleapis.com/google.cloud.functions.v1.CloudFunction","name":"projects/g-s-digital-anchor/locations/us-central1/functions/sendInquiryEmail","eventTrigger":{"eventType":"providers/google.firebase.database/eventTypes/ref.create","resource":"projects/_/instances/g-s-digital-anchor-default-rtdb/refs/inquiry/{inquiryId}"},"entryPoint":"sendInquiryEmail","labels":{"deployment-tool":"cli-firebase","firebase-functions-hash":"ce3a2a534aff530a46ecf0d985b237e346c4ee67"},"sourceUploadUrl":"https://storage.googleapis.com/uploads-829134498577.us-central1.cloudfunctions.appspot.com/4cd1b0eb-91a5-40ba-b1a6-e652aa689840.zip?GoogleAccessId=service-1062655604588@gcf-admin-robot.iam.gserviceaccount.com&Expires=1724596339&Signature=kLB6a808NP6g6tabLPsP9px%2BEszlg5tpkLcQjUzvrrJGJpEMvw0FlFGo%2BIDowJIFLfvqBgzQ9FJX4JxVIhVSihzxf2CfchD3PECt24qUD3fAsysLHTGPJigWiT4A8G31ce2%2BK7ayTQvu6eDJTbi74Y2WXKCqNYoV6%2BpMwO7s0r5HwTsR84%2FmoteWS%2FSZzBqdJP4slbUqXtIMKGb8mYum5BQoJ22V4upVn7WcBah3vZgNjZvhsF70QYCogu1l3zoPssa5izMHGUgxz3XD%2FmpsC5sca%2FVCv%2F4MLDKK7Xa4PxRuhhEa6gBDW2Qp33X0%2BKOi3E7VvkZu3allh9fnnia01w%3D%3D","environmentVariables":{"FIREBASE_CONFIG":"{\"projectId\":\"g-s-digital-anchor\",\"databaseURL\":\"https://g-s-digital-anchor-default-rtdb.firebaseio.com\",\"storageBucket\":\"g-s-digital-anchor.appspot.com\"}","GCLOUD_PROJECT":"g-s-digital-anchor","EVENTARC_CLOUD_EVENT_SOURCE":"projects/g-s-digital-anchor/locations/us-central1/functions/sendInquiryEmail"},"runtime":"nodejs18","buildEnvironmentVariables":{"GOOGLE_NODE_RUN_SCRIPTS":""},"dockerRegistry":"ARTIFACT_REGISTRY"},"versionId":"1","updateTime":"2024-08-25T14:03:50Z","buildId":"ab343bbc-aad0-4e29-9556-e98b250a63d9","sourceToken":"0347be23-ed3e-4f44-86e1-7088943ee16b","buildName":"projects/1062655604588/locations/us-central1/builds/ab343bbc-aad0-4e29-9556-e98b250a63d9"},"done":true,"error":{"code":3,"message":"Function failed on loading user code. This is likely due to a bug in the user code. Error message: Provided module can't be loaded.\nDid you list all required modules in the package.json dependencies?\nDetailed stack trace: Error: Cannot find module 'postmark'\nRequire stack:\n- /workspace/lib/index.js\n- /layers/google.nodejs.functions-framework/functions-framework/node_modules/@google-cloud/functions-framework/build/src/loader.js\n- /layers/google.nodejs.functions-framework/functions-framework/node_modules/@google-cloud/functions-framework/build/src/main.js\n    at Module._resolveFilename (node:internal/modules/cjs/loader:1140:15)\n    at Module._load (node:internal/modules/cjs/loader:981:27)\n    at Module.require (node:internal/modules/cjs/loader:1231:19)\n    at require (node:internal/modules/helpers:177:18)\n    at Object.<anonymous> (/workspace/lib/index.js:6:20)\n    at Module._compile (node:internal/modules/cjs/loader:1364:14)\n    at Module._extensions..js (node:internal/modules/cjs/loader:1422:10)\n    at Module.load (node:internal/modules/cjs/loader:1203:32)\n    at Module._load (node:internal/modules/cjs/loader:1019:12)\n    at Module.require (node:internal/modules/cjs/loader:1231:19)\nCould not load the function, shutting down.. Please visit https://cloud.google.com/functions/docs/troubleshooting for in-depth troubleshooting documentation."}}
[debug] [2024-08-25T14:03:51.814Z] Got source token 0347be23-ed3e-4f44-86e1-7088943ee16b for region us-central1
[error] Function failed on loading user code. This is likely due to a bug in the user code. Error message: Provided module can't be loaded.
Did you list all required modules in the package.json dependencies?
Detailed stack trace: Error: Cannot find module 'postmark'
Require stack:
- /workspace/lib/index.js
- /layers/google.nodejs.functions-framework/functions-framework/node_modules/@google-cloud/functions-framework/build/src/loader.js
- /layers/google.nodejs.functions-framework/functions-framework/node_modules/@google-cloud/functions-framework/build/src/main.js
    at Module._resolveFilename (node:internal/modules/cjs/loader:1140:15)
    at Module._load (node:internal/modules/cjs/loader:981:27)
    at Module.require (node:internal/modules/cjs/loader:1231:19)
    at require (node:internal/modules/helpers:177:18)
    at Object.<anonymous> (/workspace/lib/index.js:6:20)
    at Module._compile (node:internal/modules/cjs/loader:1364:14)
    at Module._extensions..js (node:internal/modules/cjs/loader:1422:10)
    at Module.load (node:internal/modules/cjs/loader:1203:32)
    at Module._load (node:internal/modules/cjs/loader:1019:12)
    at Module.require (node:internal/modules/cjs/loader:1231:19)
Could not load the function, shutting down.. Please visit https://cloud.google.com/functions/docs/troubleshooting for in-depth troubleshooting documentation.
[debug] [2024-08-25T14:03:51.821Z] Total Function Deployment time: 91078
[debug] [2024-08-25T14:03:51.821Z] 1 Functions Deployed
[debug] [2024-08-25T14:03:51.821Z] 1 Functions Errored
[debug] [2024-08-25T14:03:51.821Z] 0 Function Deployments Aborted
[debug] [2024-08-25T14:03:51.821Z] Average Function Deployment time: 91077
[info] 
[info] Functions deploy had errors with the following functions:
	sendInquiryEmail(us-central1)
[info] i  functions: cleaning up build files... 
[debug] [2024-08-25T14:03:51.940Z] >>> [apiv2][query] DELETE https://artifactregistry.googleapis.com/v1beta2/projects/g-s-digital-anchor/locations/us-central1/repositories/gcf-artifacts/packages/send_inquiry_email [none]
[debug] [2024-08-25T14:03:51.941Z] >>> [apiv2][query] GET https://us.gcr.io/v2/g-s-digital-anchor/gcf/us-central1/tags/list [none]
[debug] [2024-08-25T14:03:52.833Z] <<< [apiv2][status] DELETE https://artifactregistry.googleapis.com/v1beta2/projects/g-s-digital-anchor/locations/us-central1/repositories/gcf-artifacts/packages/send_inquiry_email 200
[debug] [2024-08-25T14:03:52.833Z] <<< [apiv2][body] DELETE https://artifactregistry.googleapis.com/v1beta2/projects/g-s-digital-anchor/locations/us-central1/repositories/gcf-artifacts/packages/send_inquiry_email {"name":"projects/g-s-digital-anchor/locations/us-central1/operations/9d473feb-f649-4741-87ae-87835fe87c18","metadata":{"@type":"type.googleapis.com/google.devtools.artifactregistry.v1beta2.OperationMetadata"}}
[debug] [2024-08-25T14:03:52.834Z] >>> [apiv2][query] GET https://artifactregistry.googleapis.com/v1beta2/projects/g-s-digital-anchor/locations/us-central1/operations/9d473feb-f649-4741-87ae-87835fe87c18 [none]
[debug] [2024-08-25T14:03:52.972Z] <<< [apiv2][status] GET https://us.gcr.io/v2/g-s-digital-anchor/gcf/us-central1/tags/list 404
[debug] [2024-08-25T14:03:52.972Z] <<< [apiv2][body] GET https://us.gcr.io/v2/g-s-digital-anchor/gcf/us-central1/tags/list {"errors":[{"code":"NAME_UNKNOWN","message":"Repository \"us.gcr.io\" not found"}]}
[debug] [2024-08-25T14:03:52.972Z] Failed docker command with error  HTTP Error: 404, Not Found {"name":"FirebaseError","children":[],"context":{"body":{"errors":[{"code":"NAME_UNKNOWN","message":"Repository \"us.gcr.io\" not found"}],"error":{"message":"Not Found"}},"response":{"statusCode":404}},"exit":1,"message":"HTTP Error: 404, Not Found","status":404}
[debug] [2024-08-25T14:03:52.974Z] >>> [apiv2][query] GET https://us.gcr.io/v2/g-s-digital-anchor/gcf/us-central1/tags/list [none]
[debug] [2024-08-25T14:03:53.023Z] <<< [apiv2][status] GET https://artifactregistry.googleapis.com/v1beta2/projects/g-s-digital-anchor/locations/us-central1/operations/9d473feb-f649-4741-87ae-87835fe87c18 200
[debug] [2024-08-25T14:03:53.023Z] <<< [apiv2][body] GET https://artifactregistry.googleapis.com/v1beta2/projects/g-s-digital-anchor/locations/us-central1/operations/9d473feb-f649-4741-87ae-87835fe87c18 {"name":"projects/g-s-digital-anchor/locations/us-central1/operations/9d473feb-f649-4741-87ae-87835fe87c18","metadata":{"@type":"type.googleapis.com/google.devtools.artifactregistry.v1beta2.OperationMetadata"},"done":true,"response":{"@type":"type.googleapis.com/google.protobuf.Empty"}}
[debug] [2024-08-25T14:03:53.202Z] <<< [apiv2][status] GET https://us.gcr.io/v2/g-s-digital-anchor/gcf/us-central1/tags/list 404
[debug] [2024-08-25T14:03:53.202Z] <<< [apiv2][body] GET https://us.gcr.io/v2/g-s-digital-anchor/gcf/us-central1/tags/list {"errors":[{"code":"NAME_UNKNOWN","message":"Repository \"us.gcr.io\" not found"}]}
[debug] [2024-08-25T14:03:53.202Z] Failed docker command with error  HTTP Error: 404, Not Found {"name":"FirebaseError","children":[],"context":{"body":{"errors":[{"code":"NAME_UNKNOWN","message":"Repository \"us.gcr.io\" not found"}],"error":{"message":"Not Found"}},"response":{"statusCode":404}},"exit":1,"message":"HTTP Error: 404, Not Found","status":404}
[debug] [2024-08-25T14:03:53.303Z] >>> [apiv2][query] GET https://us.gcr.io/v2/g-s-digital-anchor/gcf/us-central1/tags/list [none]
[debug] [2024-08-25T14:03:53.535Z] <<< [apiv2][status] GET https://us.gcr.io/v2/g-s-digital-anchor/gcf/us-central1/tags/list 404
[debug] [2024-08-25T14:03:53.536Z] <<< [apiv2][body] GET https://us.gcr.io/v2/g-s-digital-anchor/gcf/us-central1/tags/list {"errors":[{"code":"NAME_UNKNOWN","message":"Repository \"us.gcr.io\" not found"}]}
[debug] [2024-08-25T14:03:53.536Z] Failed docker command with error  HTTP Error: 404, Not Found {"name":"FirebaseError","children":[],"context":{"body":{"errors":[{"code":"NAME_UNKNOWN","message":"Repository \"us.gcr.io\" not found"}],"error":{"message":"Not Found"}},"response":{"statusCode":404}},"exit":1,"message":"HTTP Error: 404, Not Found","status":404}
[warn] ⚠  functions: Unhandled error cleaning up build images. This could result in a small monthly bill if not corrected. You can attempt to delete these images by redeploying or you can delete them manually at https://console.cloud.google.com/gcr/images/g-s-digital-anchor/us/gcf 
[debug] [2024-08-25T14:03:53.537Z] Functions deploy failed.
[debug] [2024-08-25T14:03:53.538Z] {
  "endpoint": {
    "id": "sendInquiryEmail",
    "project": "g-s-digital-anchor",
    "region": "us-central1",
    "entryPoint": "sendInquiryEmail",
    "platform": "gcfv1",
    "runtime": "nodejs18",
    "eventTrigger": {
      "eventType": "providers/google.firebase.database/eventTypes/ref.create",
      "retry": false,
      "eventFilters": {
        "resource": "projects/_/instances/g-s-digital-anchor-default-rtdb/refs/inquiry/{inquiryId}"
      }
    },
    "labels": {
      "deployment-tool": "cli-firebase"
    },
    "ingressSettings": null,
    "availableMemoryMb": null,
    "serviceAccount": null,
    "timeoutSeconds": null,
    "maxInstances": null,
    "minInstances": null,
    "vpc": null,
    "environmentVariables": {
      "FIREBASE_CONFIG": "{\"projectId\":\"g-s-digital-anchor\",\"databaseURL\":\"https://g-s-digital-anchor-default-rtdb.firebaseio.com\",\"storageBucket\":\"g-s-digital-anchor.appspot.com\"}",
      "GCLOUD_PROJECT": "g-s-digital-anchor",
      "EVENTARC_CLOUD_EVENT_SOURCE": "projects/g-s-digital-anchor/locations/us-central1/functions/sendInquiryEmail"
    },
    "codebase": "default",
    "targetedByOnly": false,
    "hash": "ce3a2a534aff530a46ecf0d985b237e346c4ee67"
  },
  "op": "create",
  "original": {
    "name": "FirebaseError",
    "children": [],
    "exit": 1,
    "message": "Function failed on loading user code. This is likely due to a bug in the user code. Error message: Provided module can't be loaded.\nDid you list all required modules in the package.json dependencies?\nDetailed stack trace: Error: Cannot find module 'postmark'\nRequire stack:\n- /workspace/lib/index.js\n- /layers/google.nodejs.functions-framework/functions-framework/node_modules/@google-cloud/functions-framework/build/src/loader.js\n- /layers/google.nodejs.functions-framework/functions-framework/node_modules/@google-cloud/functions-framework/build/src/main.js\n    at Module._resolveFilename (node:internal/modules/cjs/loader:1140:15)\n    at Module._load (node:internal/modules/cjs/loader:981:27)\n    at Module.require (node:internal/modules/cjs/loader:1231:19)\n    at require (node:internal/modules/helpers:177:18)\n    at Object.<anonymous> (/workspace/lib/index.js:6:20)\n    at Module._compile (node:internal/modules/cjs/loader:1364:14)\n    at Module._extensions..js (node:internal/modules/cjs/loader:1422:10)\n    at Module.load (node:internal/modules/cjs/loader:1203:32)\n    at Module._load (node:internal/modules/cjs/loader:1019:12)\n    at Module.require (node:internal/modules/cjs/loader:1231:19)\nCould not load the function, shutting down.. Please visit https://cloud.google.com/functions/docs/troubleshooting for in-depth troubleshooting documentation.",
    "original": {
      "code": 3,
      "message": "Function failed on loading user code. This is likely due to a bug in the user code. Error message: Provided module can't be loaded.\nDid you list all required modules in the package.json dependencies?\nDetailed stack trace: Error: Cannot find module 'postmark'\nRequire stack:\n- /workspace/lib/index.js\n- /layers/google.nodejs.functions-framework/functions-framework/node_modules/@google-cloud/functions-framework/build/src/loader.js\n- /layers/google.nodejs.functions-framework/functions-framework/node_modules/@google-cloud/functions-framework/build/src/main.js\n    at Module._resolveFilename (node:internal/modules/cjs/loader:1140:15)\n    at Module._load (node:internal/modules/cjs/loader:981:27)\n    at Module.require (node:internal/modules/cjs/loader:1231:19)\n    at require (node:internal/modules/helpers:177:18)\n    at Object.<anonymous> (/workspace/lib/index.js:6:20)\n    at Module._compile (node:internal/modules/cjs/loader:1364:14)\n    at Module._extensions..js (node:internal/modules/cjs/loader:1422:10)\n    at Module.load (node:internal/modules/cjs/loader:1203:32)\n    at Module._load (node:internal/modules/cjs/loader:1019:12)\n    at Module.require (node:internal/modules/cjs/loader:1231:19)\nCould not load the function, shutting down.. Please visit https://cloud.google.com/functions/docs/troubleshooting for in-depth troubleshooting documentation."
    },
    "status": 3,
    "code": 3
  }
}
[debug] [2024-08-25T14:03:53.567Z] Error: Failed to create function sendInquiryEmail in region us-central1
    at /usr/local/lib/node_modules/firebase-tools/lib/deploy/functions/release/fabricator.js:52:11
    at process.processTicksAndRejections (node:internal/process/task_queues:95:5)
    at async Fabricator.createV1Function (/usr/local/lib/node_modules/firebase-tools/lib/deploy/functions/release/fabricator.js:182:32)
    at async Fabricator.createEndpoint (/usr/local/lib/node_modules/firebase-tools/lib/deploy/functions/release/fabricator.js:134:13)
    at async handle (/usr/local/lib/node_modules/firebase-tools/lib/deploy/functions/release/fabricator.js:89:17)
[error] 
[error] Error: There was an error deploying functions
